0:100  0:100  MemLog inited, TSC freq: 2593988266
0:100  0:000  
0:100  0:000  Now is 19.12.2017,  11:57:24 (GMT)
0:100  0:000  Starting Clover revision: 4278 on American Megatrends EFI
0:100  0:000  Build with: [Args: -mc --no-usb -D NO_GRUB_DRIVERS_EMBEDDED -t XCODE5 | -D DISABLE_USB_SUPPORT -D NO_GRUB_DRIVERS_EMBEDDED -D USE_BIOS_BLOCKIO -D USE_LOW_EBDA -a X64 -b RELEASE -t XCODE5 -n 3 | OS: 10.11.6 | XCODE: 7.3.1]
0:100  0:000  SelfDevicePath=PciRoot(0x0)\Pci(0x1F,0x2)\Sata(0x4,0xFFFF,0x0)\HD(1,GPT,213B37EF-4BC4-4D67-B000-569751513667,0x800,0x95800) @C7A40D98
0:100  0:000  SelfDirPath = \EFI\CLOVER
0:100  0:000  === [ Get Smbios ] ========================================
0:100  0:000  Type 16 Index = 0
0:100  0:000  Total Memory Slots Count = 4
0:100  0:000  Type 17 Index = 0
0:100  0:000  SmbiosTable.Type17->Speed = 1600MHz
0:100  0:000  SmbiosTable.Type17->Size = 4096MB
0:100  0:000  SmbiosTable.Type17->Bank/Device = BANK 0 ChannelA-DIMM0
0:100  0:000  SmbiosTable.Type17->Vendor = Samsung
0:100  0:000  SmbiosTable.Type17->SerialNumber = 00000000
0:100  0:000  SmbiosTable.Type17->PartNumber = M471B5173EB0-YK0  
0:100  0:000  Type 17 Index = 1
0:100  0:000  Ignoring insane frequency value 0MHz
0:100  0:000  SmbiosTable.Type17->Speed = 0MHz
0:100  0:000  SmbiosTable.Type17->Size = 0MB
0:100  0:000  SmbiosTable.Type17->Bank/Device = BANK 1 ChannelA-DIMM1
0:100  0:000  SmbiosTable.Type17->Vendor = <null string>
0:100  0:000  SmbiosTable.Type17->SerialNumber = <null string>
0:100  0:000  SmbiosTable.Type17->PartNumber = <null string>
0:100  0:000  Type 17 Index = 2
0:100  0:000  SmbiosTable.Type17->Speed = 1600MHz
0:100  0:000  SmbiosTable.Type17->Size = 8192MB
0:100  0:000  SmbiosTable.Type17->Bank/Device = BANK 2 ChannelB-DIMM0
0:100  0:000  SmbiosTable.Type17->Vendor = Kingston
0:100  0:000  SmbiosTable.Type17->SerialNumber = 05305EB8
0:100  0:000  SmbiosTable.Type17->PartNumber = 99U5428-018.A00LF 
0:100  0:000  Type 17 Index = 3
0:100  0:000  Ignoring insane frequency value 0MHz
0:100  0:000  SmbiosTable.Type17->Speed = 0MHz
0:100  0:000  SmbiosTable.Type17->Size = 0MB
0:100  0:000  SmbiosTable.Type17->Bank/Device = BANK 3 ChannelB-DIMM1
0:100  0:000  SmbiosTable.Type17->Vendor = <null string>
0:100  0:000  SmbiosTable.Type17->SerialNumber = <null string>
0:100  0:000  SmbiosTable.Type17->PartNumber = <null string>
0:100  0:000  Boot status=0
0:100  0:000  Running on: 'X550JX' with board 'X550JX'
0:100  0:000  === [ GetCPUProperties ] ==================================
0:100  0:000  CPU Vendor = 756E6547 Model=306C3
0:100  0:000   The CPU supported SSE4.1
0:100  0:000  BrandString = Intel(R) Core(TM) i7-4720HQ CPU @ 2.60GHz
0:100  0:000   The CPU supported turbo
0:100  0:000  MSR 0x35               40008
0:100  0:000  MSR 0xE2 before patch 1E008405
0:100  0:000  MSR 0xE2 is locked, PM patches will be turned on
0:100  0:000  MSR 0xCE              00080838_F3011A00
0:100  0:000  MSR 0x1A0             00850089
0:100  0:000  corrected FLEX_RATIO = 40000
0:100  0:000  MSR 0x1B0             00000000
0:100  0:000  FSBFrequency = 100 MHz, DMI FSBFrequency = 100 MHz, Corrected FSBFrequency = 100 MHz
0:100  0:000  MaxDiv/MinDiv: 26.0/8
0:100  0:000  Turbo: 34/34/35/36
0:100  0:000  Features: 0xBFEBFBFF
0:100  0:000  Threads: 8
0:100  0:000  Cores: 4
0:100  0:000  FSB: 100 MHz
0:100  0:000  CPU: 2600 MHz
0:100  0:000  TSC: 2600 MHz
0:100  0:000  PIS: 100 MHz
0:100  0:000  ExternalClock: 25 MHz
0:100  0:000  === [ GetDevices ] ========================================
0:100  0:000  PCI (00|00:00.00) : 8086 0C04 class=060000
0:100  0:000  PCI (00|00:01.00) : 8086 0C01 class=060400
0:100  0:000  PCI (00|01:00.00) : 10DE 139A class=030200
0:100  0:000  PCI (00|00:02.00) : 8086 0416 class=030000
0:100  0:000   - GFX: Model=Intel HD Graphics 4600 (Intel)
0:100  0:000  PCI (00|00:03.00) : 8086 0C0C class=040300
0:100  0:000  PCI (00|00:14.00) : 8086 8C31 class=0C0330
0:100  0:000  PCI (00|00:16.00) : 8086 8C3A class=078000
0:100  0:000  PCI (00|00:16.01) : FFFF FFFF class=FFFFFF
0:100  0:000  PCI (00|00:1B.00) : 8086 8C20 class=040300
0:100  0:000  PCI (00|00:1C.00) : 8086 8C10 class=060400
0:100  0:000  PCI (00|00:1C.02) : 8086 8C14 class=060400
0:100  0:000  PCI (00|03:00.00) : 168C 0036 class=028000
0:100  0:000   - WIFI: Vendor=Atheros
0:100  0:000  PCI (00|00:1C.03) : 8086 8C16 class=060400
0:100  0:000  PCI (00|04:00.00) : 10EC 5287 class=FF0000
0:100  0:000  PCI (00|04:00.01) : 10EC 8168 class=020000
0:100  0:000   - LAN: 0 Vendor=Realtek
0:100  0:000  PCI (00|00:1F.00) : 8086 8C49 class=060100
0:100  0:000  PCI (00|00:1F.02) : 8086 8C03 class=010601
0:100  0:000  PCI (00|00:1F.03) : 8086 8C22 class=0C0500
0:100  0:000  PCI (00|00:1F.06) : FFFF FFFF class=FFFFFF
0:100  0:000  === [ GetDefaultSettings ] ================================
0:100  0:000  Clover load options size = 0 bytes
0:102  0:002  EFI\CLOVER\config.plist loaded: Success
0:102  0:000  ---dump hibernations data---
0:106  0:003    Firmware wake address=00000000
0:106  0:000    Firmware wake 64 addr=               0
0:106  0:000    Hardware signature   =00000164
0:106  0:000    GlobalLock           =00000000
0:106  0:000    Flags                =00000000
0:106  0:000  === [ GetListOfThemes ] ===================================
0:106  0:000  - [00]: BLUEMAC
0:107  0:001  === [ Found config plists ] ===============================
0:107  0:000  - config.plist
0:107  0:000  === [ GetEarlyUserSettings ] ==============================
0:107  0:000  timeout set to 5
0:107  0:000  Custom boot CUSTOM_BOOT_DISABLED (0x0)
0:107  0:000  ForceKextsToLoad: 1 requested
0:107  0:000   - [0]: System\Library\Extensions\IONetworkingFamily.kext
0:107  0:000  KextsToPatch: 6 requested
0:107  0:000   - [00]: com.apple.driver.AppleIntelFramebufferAzul (Enable 9MB cursor bytes, 0x0a260006) :: BinPatch :: data len: 20
0:107  0:000   - [01]: AppleAHCIPort (External icons patch) :: BinPatch :: data len: 8
0:107  0:000   - [02]: IOAHCIBlockStorage (Enable TRIM for SSD) :: BinPatch :: data len: 11
0:107  0:000   - [03]: com.apple.driver.usb.AppleUSBXHCIPCI (change 15 port limit to 26 in XHCI kext) :: MatchOS: 10.13.x :: BinPatch :: data len: 4
0:107  0:000   - [04]: IOGraphicsFamily (Boot graphics glitch, 10.13 (credit denskop)) :: MatchOS: 10.13.x :: BinPatch :: data len: 5
0:107  0:000   - [05]: com.apple.driver.AppleBacklight (change F%uT%04x to F%uTxxxx for AppleBacklightInjector.kext (credit RehabMan)) :: BinPatch :: data len: 9
0:107  0:000  KernelToPatch: 1 requested
0:107  0:000   - [00]: MSR 0xE2 _xcpm_idle instant reboot(c) Pike R. Alpha :: MatchOS: 10.12.x,10.11.x :: data len: 8
0:107  0:000  Default theme: bluemac
0:107  0:000  Hiding entries with string Preboot
0:107  0:000  === [ LoadDrivers ] =======================================
0:108  0:000  Loading APFS.EFI  status=Success
0:111  0:003   - driver needs connecting
0:111  0:000  Loading EmuVariableUefi-64.efi  status=Success
0:111  0:000  EmuVariableUefi Initialize: VariableCommonInitialize = Success, orig services stored, install gEmuVariableControlProtocolGuid = Success
0:112  0:000  Loading FSInject-64.efi  status=Success
0:112  0:000  Loading HFSPlus-64.efi  status=Success
0:113  0:000   - driver needs connecting
0:113  0:000  Loading NTFS.EFI  status=Success
0:114  0:001   - driver needs connecting
0:114  0:000  Loading OsxAptioFixDrv-64.efi  status=Success
0:115  0:000  Loading OsxFatBinaryDrv-64.efi  status=Success
0:115  0:000  3 drivers needs connecting ...
0:115  0:000  PlatformDriverOverrideProtocol not found. Installing ... Success
0:115  0:000  HFS+ driver loaded
0:115  0:000  APFS driver loaded
0:115  0:000  Searching for invalid DiskIo BY_DRIVER connects: not found, all ok
1:913  1:797  EmuVariable InstallEmulation: orig vars copied, emu.var.services installed, CreateEvent VirtualAddressChange = Success, CreateEvent ExitBootServices = Success, set Status=Success
1:920  0:006  === [ InitScreen ] ========================================
1:920  0:000  SetScreenResolution: 1024x768 - setting Mode 3
2:957  1:037  Video mode change to mode #3: Success
2:957  0:000  Console modes reported: 4, available modes:
2:957  0:000   - [01]: 80x25
2:957  0:000   - [02]: 80x50
2:957  0:000   - [03]: 100x31
2:957  0:000   - [04]: 240x56 (current mode)
2:957  0:000  SetScreenResolution: 1024x768 - already set
2:957  0:000  reinit: self device path=PciRoot(0x0)\Pci(0x1F,0x2)\Sata(0x4,0xFFFF,0x0)\HD(1,GPT,213B37EF-4BC4-4D67-B000-569751513667,0x800,0x95800)
2:957  0:000  === [ GetMacAddress ] =====================================
2:957  0:000  === [ ScanSPD ] ===========================================
2:957  0:000  SMBus device : 8086 8C22 class=0C0500 status=Success
2:957  0:000  SMBus CmdReg: 0x3
2:957  0:000  Scanning SMBus [8086:8C22], mmio: 0xF7A19004, ioport: 0xF040, hostc: 0x11
2:957  0:000  Slots to scan [8]...
2:958  0:000  SPD[2]: Type 11 @0x52
2:976  0:018  DDR speed 1600MHz
2:976  0:000  Slot: 2 Type 24 8192MB 1600MHz Vendor=Kingston PartNo=99U5428-018.A00LF SerialNo=00050300050E0B08
2:977  0:000  === [ GetAcpiTablesList ] =================================
2:980  0:003  Get Acpi Tables List from RSDT:
2:980  0:000   - [00]: FACP  Notebook len=268
2:980  0:000   - [01]: APIC  Notebook len=146
2:980  0:000   - [02]: FPDT  Notebook len=68
2:980  0:000   - [03]: ECDT  Notebook len=193
2:980  0:000   - [04]: SSDT  zpodd len=413
2:980  0:000   - [05]: SSDT  Cpu0Ist len=1337
2:980  0:000   - [06]: SSDT  CpuPm len=2776
2:980  0:000   - [07]: MCFG  Notebook len=60
2:980  0:000   - [08]: HPET  Notebook len=56
2:980  0:000   - [09]: SSDT  SataTabl len=664
2:980  0:000   - [10]: SSDT  SaSsdt  len=17729
2:980  0:000   - [11]: SSDT  SgPeg len=6586
2:980  0:000   - [12]: SSDT  CppcTabl len=915
2:980  0:000   - [13]: PCCT  PcctTabl len=110
2:980  0:000   - [14]: SSDT  Cpc_Tabl len=2756
2:980  0:000   - [15]: BGRT  Notebook len=56
2:980  0:000   - [16]: DMAR  HSW  len=168
2:980  0:000   - [17]: SSDT  OptTabl len=6647
2:980  0:000   - [18]: MSDM  Notebook len=85
2:980  0:000  Calibrated TSC Frequency = 2593988266 = 2593MHz
2:980  0:000  === [ GetUserSettings ] ===================================
2:980  0:000  Add 3 properties:
2:980  0:000   - [00]: NVidia, len: 9
2:980  0:000   - [01]: NVidia, len: 9
2:980  0:000   - [02]: NVidia, len: 4
2:980  0:000  USB FixOwnership: yes
2:980  0:000  Dropping 2 tables:
2:980  0:000   - [00]: Drop table  signature="#MCF" (46434D23)
2:980  0:000           - set table: 46434D23,                0 to drop: no
2:980  0:000   - [01]: Drop table  signature="DMAR" (52414D44)
2:980  0:000           - set table: 52414D44,                0 to drop: yes
2:980  0:000   - final DSDT Fix mask=00000000
2:980  0:000  PatchesDSDT: 12 requested
2:980  0:000   - [00]: (change OSID to XSID (to avoid match against _OSI XOSI patch)) lenToFind: 4, lenToReplace: 4
2:980  0:000    patch disabled at config
2:980  0:000   - [01]: (change _OSI to XOSI) lenToFind: 4, lenToReplace: 4
2:980  0:000    patch disabled at config
2:980  0:000   - [02]: (change _DSM to XDSM) lenToFind: 4, lenToReplace: 4
2:980  0:000   - [03]: (change EC0 to EC) lenToFind: 4, lenToReplace: 4
2:980  0:000    patch disabled at config
2:980  0:000   - [04]: (change H_EC to EC) lenToFind: 4, lenToReplace: 4
2:980  0:000    patch disabled at config
2:980  0:000   - [05]: (change EHC1 to EH01) lenToFind: 4, lenToReplace: 4
2:980  0:000   - [06]: (change EHC2 to EH02) lenToFind: 4, lenToReplace: 4
2:980  0:000   - [07]: (change GFX0 to IGPU) lenToFind: 4, lenToReplace: 4
2:980  0:000   - [08]: (change GFX0 to IGPU) lenToFind: 4, lenToReplace: 4
2:980  0:000   - [09]: (change PCI0.VID to IGPU #1 (Thinkpad)) lenToFind: 8, lenToReplace: 8
2:980  0:000   - [10]: (change PCI0.VID to IGPU #2 (Thinkpad)) lenToFind: 14, lenToReplace: 14
2:980  0:000   - [11]: (change B0D3 to HDAU) lenToFind: 4, lenToReplace: 4
2:980  0:000  Using ProductName from config
2:980  0:000  ProductName: MacBookPro11,1
2:980  0:000  BiosVersion: not set, Using BiosVersion from clover
2:980  0:000  BiosVersion: MBP111.88Z.0142.B00.1708080655
2:980  0:000  BiosReleaseDate: 08/08/2017
2:980  0:000  Using FirmwareFeatures from clover
2:980  0:000  FirmwareFeatures: 0xE80FE137
2:980  0:000  Using FirmwareFeaturesMask from clover
2:980  0:000  FirmwareFeaturesMask: 0xFF1FFF3F
2:980  0:000  Using PlatformFeature from clover
2:980  0:000  PlatformFeature: 0x2
2:999  0:019  === [ ScanVolumes ] =======================================
2:999  0:000  Found 17 volumes with blockIO
2:999  0:000  - [00]: Volume: PciRoot(0x0)\Pci(0x14,0x0)\USB(0x3,0x0)
3:001  0:001          USB volume
3:001  0:000  - [01]: Volume: PciRoot(0x0)\Pci(0x14,0x0)\USB(0x3,0x0)\HD(1,MBR,0x44023942,0x2,0x8F0D8)
3:002  0:001          Result of bootcode detection: bootable unknown (legacy)
3:002  0:000          USB volume
3:021  0:018  - [02]: Volume: PciRoot(0x0)\Pci(0x14,0x0)\USB(0x3,0x0)\HD(2,MBR,0x44023942,0x8F0DB,0xB2D055)
3:022  0:001          USB volume
3:022  0:000  - [03]: Volume: PciRoot(0x0)\Pci(0x1F,0x2)\Sata(0x2,0xFFFF,0x0)
3:057  0:034  - [04]: Volume: PciRoot(0x0)\Pci(0x1F,0x2)\Sata(0x4,0xFFFF,0x0)
3:057  0:000  - [05]: Volume: PciRoot(0x0)\Pci(0x1F,0x2)\Sata(0x2,0xFFFF,0x0)\HD(1,GPT,F1FDC30A-C2D5-4361-B9DE-C789801E2AF8,0x800,0x7D000)
3:063  0:005          Result of bootcode detection: bootable Windows (win)
3:064  0:001  - [06]: Volume: PciRoot(0x0)\Pci(0x1F,0x2)\Sata(0x2,0xFFFF,0x0)\HD(2,GPT,8A7927E8-DD23-11E7-AB9B-934D18354351,0x12C800,0xC767E28)
3:069  0:005          Result of bootcode detection: bootable Windows (vista,win)
3:069  0:000  - [07]: Volume: PciRoot(0x0)\Pci(0x1F,0x2)\Sata(0x2,0xFFFF,0x0)\HD(3,GPT,847806A0-E266-11E7-9CF4-28C2DDA62D92,0xC894800,0x16800000)
3:083  0:014          Result of bootcode detection: bootable Windows (vista,win)
3:083  0:000  - [08]: Volume: PciRoot(0x0)\Pci(0x1F,0x2)\Sata(0x2,0xFFFF,0x0)\HD(4,GPT,64BB9911-D546-4492-998D-EA8D178356FB,0x23096570,0x2456C6BC)
3:100  0:017          Result of bootcode detection: bootable Windows (vista,win)
3:100  0:000  - [09]: Volume: PciRoot(0x0)\Pci(0x1F,0x2)\Sata(0x2,0xFFFF,0x0)\HD(5,GPT,6B1D031D-E259-11E7-9CF2-28C2DDA62D92,0x47602C30,0x84F8123)
3:117  0:016          Result of bootcode detection: bootable Windows (vista,win)
3:117  0:000  - [10]: Volume: PciRoot(0x0)\Pci(0x1F,0x2)\Sata(0x2,0xFFFF,0x0)\HD(6,GPT,7BF2E21E-C072-4EAB-A00A-E78A7AB33DCD,0x4FAFB000,0x24C0B800)
3:117  0:000  - [11]: Volume: PciRoot(0x0)\Pci(0x1F,0x2)\Sata(0x4,0xFFFF,0x0)\HD(1,GPT,213B37EF-4BC4-4D67-B000-569751513667,0x800,0x95800)
3:118  0:000          Result of bootcode detection: bootable Windows (win)
3:120  0:002          This is SelfVolume !!
3:120  0:000  - [12]: Volume: PciRoot(0x0)\Pci(0x1F,0x2)\Sata(0x4,0xFFFF,0x0)\HD(2,GPT,E40A565E-D544-4DD5-8A7B-04183BBE3952,0x96000,0xEDE6288)
3:120  0:000          Result of bootcode detection: bootable unknown (legacy)
3:120  0:000  - [13]: Volume: PciRoot(0x0)\Pci(0x1F,0x2)\Sata(0x4,0xFFFF,0x0)\HD(2,GPT,E40A565E-D544-4DD5-8A7B-04183BBE3952,0x96000,0xEDE6288)\VenMedia(BE74FCF7-0B7C-49F3-9147-01F4042E6842,6DC877A80362CE4DACD129BB8E6D3AC3)
3:120  0:000          hiding this volume
3:120  0:000  - [14]: Volume: PciRoot(0x0)\Pci(0x1F,0x2)\Sata(0x4,0xFFFF,0x0)\HD(2,GPT,E40A565E-D544-4DD5-8A7B-04183BBE3952,0x96000,0xEDE6288)\VenMedia(BE74FCF7-0B7C-49F3-9147-01F4042E6842,21ACE659C5D360368502ADC9C8B0EE5B)
3:120  0:000  - [15]: Volume: PciRoot(0x0)\Pci(0x1F,0x2)\Sata(0x4,0xFFFF,0x0)\HD(2,GPT,E40A565E-D544-4DD5-8A7B-04183BBE3952,0x96000,0xEDE6288)\VenMedia(BE74FCF7-0B7C-49F3-9147-01F4042E6842,1E513CBAC9B07E4C91FE0F49BC90B375)
3:121  0:000  - [16]: Volume: PciRoot(0x0)\Pci(0x1F,0x2)\Sata(0x4,0xFFFF,0x0)\HD(2,GPT,E40A565E-D544-4DD5-8A7B-04183BBE3952,0x96000,0xEDE6288)\VenMedia(BE74FCF7-0B7C-49F3-9147-01F4042E6842,A2840761D48AAA44877E7EE9B4D0BDFB)
3:159  0:038  PutNvramPlistToRtVars: nvram.plist not found
3:159  0:000  === [ InitTheme ] =========================================
3:160  0:001  Using theme 'bluemac' (EFI\CLOVER\themes\bluemac)
3:160  0:000  OS main and drive as badge
3:160  0:000  Warning! Character width 23 should be even!
3:162  0:001  Loading font from ThemeDir: Success
3:163  0:000  Choosing theme bluemac
3:163  0:000  after NVRAM boot-args=dart=0 nv_disable=1 kext-dev-mode=1
3:163  0:000  === [ Dump SMC keys from NVRAM ] ==========================
3:163  0:000  no AppleSMC protocol
3:163  0:000  === [ ScanLoader ] ========================================
3:163  0:000  - [01]: 'EFI'
3:166  0:003  - [02]: 'Install macOS High Sierra'
3:167  0:001          AddLoaderEntry for Volume Name=Install macOS High Sierra
3:173  0:005  - [05]: 'EFI'
3:173  0:000          AddLoaderEntry for Volume Name=EFI
3:175  0:001  - [06]: 'ûß'
3:183  0:008  - [07]: 'software'
3:192  0:008  - [08]: 'Data'
3:200  0:008  - [09]: '*ºØ'
3:208  0:008  - [10]: 'mac_back'
3:209  0:000  - [11]: 'EFI'
3:210  0:001  - [13]: 'Preboot', hidden
3:210  0:000  - [14]: 'mymac'
3:227  0:017          AddLoaderEntry for Volume Name=mymac
3:235  0:007      hibernated: set as never
3:235  0:000          [!] Icon 17 (icons\vol_internal_hfs.icns) not found (path: EFI\CLOVER\themes\bluemac)
3:237  0:001  - [15]: 'Recovery'
3:239  0:001          AddLoaderEntry for Volume Name=Recovery
3:243  0:004  - [16]: 'VM'
3:243  0:000  === [ AddCustomTool ] =====================================
3:245  0:002  EmuVariable InstallEmulation: EFI_ALREADY_STARTED
3:245  0:000  === [ GetEfiBootDeviceFromNvram ] =========================
3:245  0:000   - efi-boot-device-data: PciRoot(0x0)\Pci(0x1F,0x2)\Sata(0x4,0xFFFF,0x0)\HD(2,GPT,E40A565E-D544-4DD5-8A7B-04183BBE3952,0x96000,0xEDE6288)\VenMedia(BE74FCF7-0B7C-49F3-9147-01F4042E6842,21ACE659C5D360368502ADC9C8B0EE5B)
3:245  0:000    - Volume: 'PciRoot(0x0)\Pci(0x1F,0x2)\Sata(0x4,0xFFFF,0x0)\HD(2,GPT,E40A565E-D544-4DD5-8A7B-04183BBE3952,0x96000,0xEDE6288)\VenMedia(BE74FCF7-0B7C-49F3-9147-01F4042E6842,21ACE659C5D360368502ADC9C8B0EE5B)'
3:245  0:000    - LoaderPath: '<null string>'
3:245  0:000    - Guid = E40A565E-D544-4DD5-8A7B-04183BBE3952
3:245  0:000  === [ FindStartupDiskVolume ] =============================
3:245  0:000    - Volume: partition = PciRoot(0x0)\Pci(0x1F,0x2)\Sata(0x4,0xFFFF,0x0)\HD(2,GPT,E40A565E-D544-4DD5-8A7B-04183BBE3952,0x96000,0xEDE6288)\VenMedia(BE74FCF7-0B7C-49F3-9147-01F4042E6842,21ACE659C5D360368502ADC9C8B0EE5B)
3:245  0:000     - searching for that partition
3:245  0:000      - found entry 2. 'Boot macOS from mymac', Volume 'mymac'
3:245  0:000  Boot redirected to Entry 2. 'Boot macOS from mymac'
3:245  0:000  EmuVariable UninstallEmulation: CloseEvent = Success, original var services restored
3:245  0:000  DefaultIndex=2 and MainMenu.EntryCount=8
3:938  0:692  GUI ready
